[roslaunch][INFO] 2024-03-05 22:52:57,428: Checking log directory for disk usage. This may take a while.
Press Ctrl-C to interrupt
[roslaunch][INFO] 2024-03-05 22:52:57,431: Done checking log file disk usage. Usage is <1GB.
[roslaunch][INFO] 2024-03-05 22:52:57,431: roslaunch starting with args ['/opt/ros/noetic/bin/roslaunch', 'Workspaces/smb_ws/src/teleop_twist_keyboard/teleop_twist_keyboard.py']
[roslaunch][INFO] 2024-03-05 22:52:57,431: roslaunch env is environ({'SHELL': '/bin/bash', 'ROS_VERSION': '1', 'SESSION_MANAGER': 'local/TheanVIn:@/tmp/.ICE-unix/1959,unix/TheanVIn:/tmp/.ICE-unix/1959', 'QT_ACCESSIBILITY': '1', 'COLORTERM': 'truecolor', 'XDG_CONFIG_DIRS': '/etc/xdg/xdg-ubuntu:/etc/xdg', 'XDG_MENU_PREFIX': 'gnome-', 'GNOME_DESKTOP_SESSION_ID': 'this-is-deprecated', 'PKG_CONFIG_PATH': '/home/theanvin/catkin_ws/devel/lib/pkgconfig:/opt/ros/noetic/lib/pkgconfig', 'ROS_PYTHON_VERSION': '3', 'GNOME_SHELL_SESSION_MODE': 'ubuntu', 'SSH_AUTH_SOCK': '/run/user/1000/keyring/ssh', 'XMODIFIERS': '@im=ibus', 'DESKTOP_SESSION': 'ubuntu', 'SSH_AGENT_PID': '1892', 'ROS_PACKAGE_PATH': '/home/theanvin/catkin_ws/src:/opt/ros/noetic/share', 'GTK_MODULES': 'gail:atk-bridge', 'PWD': '/home/theanvin', 'LOGNAME': 'theanvin', 'XDG_SESSION_DESKTOP': 'ubuntu', 'XDG_SESSION_TYPE': 'x11', 'GPG_AGENT_INFO': '/run/user/1000/gnupg/S.gpg-agent:0:1', 'XAUTHORITY': '/run/user/1000/gdm/Xauthority', 'WINDOWPATH': '2', 'HOME': '/home/theanvin', 'USERNAME': 'theanvin', 'IM_CONFIG_PHASE': '1', 'LANG': 'en_US.UTF-8', 'ROS_ETC_DIR': '/opt/ros/noetic/etc/ros', 'LS_COLORS': 'rs=0:di=01;34:ln=01;36:mh=00:pi=40;33:so=01;35:do=01;35:bd=40;33;01:cd=40;33;01:or=40;31;01:mi=00:su=37;41:sg=30;43:ca=30;41:tw=30;42:ow=34;42:st=37;44:ex=01;32:*.tar=01;31:*.tgz=01;31:*.arc=01;31:*.arj=01;31:*.taz=01;31:*.lha=01;31:*.lz4=01;31:*.lzh=01;31:*.lzma=01;31:*.tlz=01;31:*.txz=01;31:*.tzo=01;31:*.t7z=01;31:*.zip=01;31:*.z=01;31:*.dz=01;31:*.gz=01;31:*.lrz=01;31:*.lz=01;31:*.lzo=01;31:*.xz=01;31:*.zst=01;31:*.tzst=01;31:*.bz2=01;31:*.bz=01;31:*.tbz=01;31:*.tbz2=01;31:*.tz=01;31:*.deb=01;31:*.rpm=01;31:*.jar=01;31:*.war=01;31:*.ear=01;31:*.sar=01;31:*.rar=01;31:*.alz=01;31:*.ace=01;31:*.zoo=01;31:*.cpio=01;31:*.7z=01;31:*.rz=01;31:*.cab=01;31:*.wim=01;31:*.swm=01;31:*.dwm=01;31:*.esd=01;31:*.jpg=01;35:*.jpeg=01;35:*.mjpg=01;35:*.mjpeg=01;35:*.gif=01;35:*.bmp=01;35:*.pbm=01;35:*.pgm=01;35:*.ppm=01;35:*.tga=01;35:*.xbm=01;35:*.xpm=01;35:*.tif=01;35:*.tiff=01;35:*.png=01;35:*.svg=01;35:*.svgz=01;35:*.mng=01;35:*.pcx=01;35:*.mov=01;35:*.mpg=01;35:*.mpeg=01;35:*.m2v=01;35:*.mkv=01;35:*.webm=01;35:*.ogm=01;35:*.mp4=01;35:*.m4v=01;35:*.mp4v=01;35:*.vob=01;35:*.qt=01;35:*.nuv=01;35:*.wmv=01;35:*.asf=01;35:*.rm=01;35:*.rmvb=01;35:*.flc=01;35:*.avi=01;35:*.fli=01;35:*.flv=01;35:*.gl=01;35:*.dl=01;35:*.xcf=01;35:*.xwd=01;35:*.yuv=01;35:*.cgm=01;35:*.emf=01;35:*.ogv=01;35:*.ogx=01;35:*.aac=00;36:*.au=00;36:*.flac=00;36:*.m4a=00;36:*.mid=00;36:*.midi=00;36:*.mka=00;36:*.mp3=00;36:*.mpc=00;36:*.ogg=00;36:*.ra=00;36:*.wav=00;36:*.oga=00;36:*.opus=00;36:*.spx=00;36:*.xspf=00;36:', 'XDG_CURRENT_DESKTOP': 'ubuntu:GNOME', 'VTE_VERSION': '6003', 'CMAKE_PREFIX_PATH': '/home/theanvin/catkin_ws/devel:/opt/ros/noetic', 'GNOME_TERMINAL_SCREEN': '/org/gnome/Terminal/screen/331c310a_e253_4914_99fd_f823af03e334', 'INVOCATION_ID': '14d15db0ecb94713ae34352d28b2d37b', 'MANAGERPID': '1652', 'LESSCLOSE': '/usr/bin/lesspipe %s %s', 'XDG_SESSION_CLASS': 'user', 'PYTHONPATH': '/opt/ros/noetic/lib/python3/dist-packages', 'TERM': 'xterm-256color', 'LESSOPEN': '| /usr/bin/lesspipe %s', 'USER': 'theanvin', 'GNOME_TERMINAL_SERVICE': ':1.316', 'DISPLAY': ':1', 'SHLVL': '1', 'ROS_MASTER_URI': 'http://localhost:11311', 'QT_IM_MODULE': 'ibus', 'ROS_HOSTNAME': 'localhost', 'LD_LIBRARY_PATH': '/home/theanvin/catkin_ws/devel/lib:/opt/ros/noetic/lib', 'XDG_RUNTIME_DIR': '/run/user/1000', 'JOURNAL_STREAM': '8:46038', 'XDG_DATA_DIRS': '/usr/share/ubuntu:/usr/local/share/:/usr/share/:/var/lib/snapd/desktop', 'PATH': '/opt/ros/noetic/bin:/usr/local/sbin:/usr/local/bin:/usr/sbin:/usr/bin:/sbin:/bin:/usr/games:/usr/local/games:/snap/bin', 'GDMSESSION': 'ubuntu', 'DBUS_SESSION_BUS_ADDRESS': 'unix:path=/run/user/1000/bus', 'ROS_ROOT': '/opt/ros/noetic/share/ros', 'ROS_DISTRO': 'noetic', '_': '/opt/ros/noetic/bin/roslaunch', 'ROS_LOG_FILENAME': '/home/theanvin/.ros/log/f487df84-db6c-11ee-82d1-f1f8f60cd418/roslaunch-TheanVIn-39871.log'})
[roslaunch][INFO] 2024-03-05 22:52:57,431: starting in server mode
[roslaunch.parent][INFO] 2024-03-05 22:52:57,431: starting roslaunch parent run
[roslaunch][INFO] 2024-03-05 22:52:57,431: loading roscore config file /opt/ros/noetic/etc/ros/roscore.xml
[roslaunch][INFO] 2024-03-05 22:52:57,520: Added core node of type [rosout/rosout] in namespace [/]
[roslaunch.config][INFO] 2024-03-05 22:52:57,520: loading config file Workspaces/smb_ws/src/teleop_twist_keyboard/teleop_twist_keyboard.py
[roslaunch][ERROR] 2024-03-05 22:52:57,520: RLException: Invalid roslaunch XML syntax: not well-formed (invalid token): line 1, column 1
[roslaunch][ERROR] 2024-03-05 22:52:57,520: The traceback for the exception was written to the log file
[roslaunch][ERROR] 2024-03-05 22:52:57,560: Traceback (most recent call last):
  File "/opt/ros/noetic/lib/python3/dist-packages/roslaunch/xmlloader.py", line 741, in _parse_launch
    root = parse(filename).getElementsByTagName('launch')
  File "/usr/lib/python3.8/xml/dom/minidom.py", line 1959, in parse
    return expatbuilder.parse(file)
  File "/usr/lib/python3.8/xml/dom/expatbuilder.py", line 911, in parse
    result = builder.parseFile(fp)
  File "/usr/lib/python3.8/xml/dom/expatbuilder.py", line 207, in parseFile
    parser.Parse(buffer, 0)
xml.parsers.expat.ExpatError: not well-formed (invalid token): line 1, column 1

During handling of the above exception, another exception occurred:

Traceback (most recent call last):
  File "/opt/ros/noetic/lib/python3/dist-packages/roslaunch/config.py", line 461, in load_config_default
    loader.load(f, config, argv=args, verbose=verbose)
  File "/opt/ros/noetic/lib/python3/dist-packages/roslaunch/xmlloader.py", line 761, in load
    launch = self._parse_launch(filename, verbose)
  File "/opt/ros/noetic/lib/python3/dist-packages/roslaunch/xmlloader.py", line 743, in _parse_launch
    raise XmlParseException("Invalid roslaunch XML syntax: %s"%e)
roslaunch.xmlloader.XmlParseException: Invalid roslaunch XML syntax: not well-formed (invalid token): line 1, column 1

During handling of the above exception, another exception occurred:

Traceback (most recent call last):
  File "/opt/ros/noetic/lib/python3/dist-packages/roslaunch/__init__.py", line 347, in main
    p.start()
  File "/opt/ros/noetic/lib/python3/dist-packages/roslaunch/parent.py", line 305, in start
    self._start_infrastructure()
  File "/opt/ros/noetic/lib/python3/dist-packages/roslaunch/parent.py", line 254, in _start_infrastructure
    self._load_config()
  File "/opt/ros/noetic/lib/python3/dist-packages/roslaunch/parent.py", line 156, in _load_config
    self.config = roslaunch.config.load_config_default(self.roslaunch_files, self.port,
  File "/opt/ros/noetic/lib/python3/dist-packages/roslaunch/config.py", line 463, in load_config_default
    raise RLException(e)
roslaunch.core.RLException: Invalid roslaunch XML syntax: not well-formed (invalid token): line 1, column 1

[rospy.core][INFO] 2024-03-05 22:52:57,560: signal_shutdown [atexit]
